# JRE version: OpenJDK Runtime Environment (11.0.4+11) (build 11.0.4+11-post-Ubuntu-1ubuntu218.04.3)
# Java VM: OpenJDK 64-Bit Server VM (11.0.4+11-post-Ubuntu-1ubuntu218.04.3, mixed mode, sharing, tiered, compressed oops, g1 gc, linux-amd64)
Heap:
 garbage-first heap   total 490496K, used 11951K [0x00000000c2600000, 0x0000000100000000)
  region size 1024K, 1 young (1024K), 1 survivors (1024K)
 Metaspace       used 34072K, capacity 35506K, committed 36016K, reserved 1079296K
  class space    used 6454K, capacity 6801K, committed 6912K, reserved 1048576K
GC Heap History (10 events):
Event: 23.340 GC heap after
{Heap after GC invocations=43 (full 0):
 garbage-first heap   total 189440K, used 12804K [0x00000000c2600000, 0x0000000100000000)
  region size 1024K, 2 young (2048K), 2 survivors (2048K)
 Metaspace       used 34062K, capacity 35558K, committed 35888K, reserved 1079296K
  class space    used 6450K, capacity 6773K, committed 6784K, reserved 1048576K
}
Event: 24.132 GC heap before
{Heap before GC invocations=43 (full 0):
 garbage-first heap   total 189440K, used 124420K [0x00000000c2600000, 0x0000000100000000)
  region size 1024K, 111 young (113664K), 2 survivors (2048K)
 Metaspace       used 34062K, capacity 35558K, committed 35888K, reserved 1079296K
  class space    used 6450K, capacity 6773K, committed 6784K, reserved 1048576K
}
Event: 24.348 GC heap after
{Heap after GC invocations=44 (full 0):
 garbage-first heap   total 257024K, used 12796K [0x00000000c2600000, 0x0000000100000000)
  region size 1024K, 2 young (2048K), 2 survivors (2048K)
 Metaspace       used 34062K, capacity 35558K, committed 35888K, reserved 1079296K
  class space    used 6450K, capacity 6773K, committed 6784K, reserved 1048576K
}
Event: 167.128 GC heap before
{Heap before GC invocations=44 (full 0):
 garbage-first heap   total 257024K, used 111100K [0x00000000c2600000, 0x0000000100000000)
  region size 1024K, 99 young (101376K), 2 survivors (2048K)
 Metaspace       used 34085K, capacity 35558K, committed 35888K, reserved 1079296K
  class space    used 6451K, capacity 6773K, committed 6784K, reserved 1048576K
}
Event: 173.100 GC heap after
{Heap after GC invocations=45 (full 0):
 garbage-first heap   total 257024K, used 12668K [0x00000000c2600000, 0x0000000100000000)
  region size 1024K, 1 young (1024K), 1 survivors (1024K)
 Metaspace       used 34085K, capacity 35558K, committed 35888K, reserved 1079296K
  class space    used 6451K, capacity 6773K, committed 6784K, reserved 1048576K
}
Event: 322.233 GC heap before
{Heap before GC invocations=46 (full 0):
 garbage-first heap   total 257024K, used 23932K [0x00000000c2600000, 0x0000000100000000)
  region size 1024K, 12 young (12288K), 1 survivors (1024K)
 Metaspace       used 34071K, capacity 35506K, committed 36016K, reserved 1079296K
  class space    used 6454K, capacity 6801K, committed 6912K, reserved 1048576K
}
Event: 332.152 GC heap after
{Heap after GC invocations=47 (full 0):
 garbage-first heap   total 257024K, used 12060K [0x00000000c2600000, 0x0000000100000000)
  region size 1024K, 1 young (1024K), 1 survivors (1024K)
 Metaspace       used 34071K, capacity 35506K, committed 36016K, reserved 1079296K
  class space    used 6454K, capacity 6801K, committed 6912K, reserved 1048576K
}
Event: 450.415 GC heap before
{Heap before GC invocations=47 (full 0):
 garbage-first heap   total 257024K, used 23324K [0x00000000c2600000, 0x0000000100000000)
  region size 1024K, 12 young (12288K), 1 survivors (1024K)
 Metaspace       used 34072K, capacity 35506K, committed 36016K, reserved 1079296K
  class space    used 6454K, capacity 6801K, committed 6912K, reserved 1048576K
}
Event: 455.149 GC heap after
{Heap after GC invocations=48 (full 0):
 garbage-first heap   total 257024K, used 11953K [0x00000000c2600000, 0x0000000100000000)
  region size 1024K, 1 young (1024K), 1 survivors (1024K)
 Metaspace       used 34072K, capacity 35506K, committed 36016K, reserved 1079296K
  class space    used 6454K, capacity 6801K, committed 6912K, reserved 1048576K
}
Event: 509.046 GC heap before
{Heap before GC invocations=48 (full 0):
 garbage-first heap   total 257024K, used 23217K [0x00000000c2600000, 0x0000000100000000)
  region size 1024K, 12 young (12288K), 1 survivors (1024K)
 Metaspace       used 34072K, capacity 35506K, committed 36016K, reserved 1079296K
  class space    used 6454K, capacity 6801K, committed 6912K, reserved 1048576K
}

